[2017-08-20 17:33:18]    在线零售保存检更新出库时！错误信息：品种《小学名校名卷语文四年级上册》不允许负库存！！！
事务在触发器中结束。批处理已中止。

[2017-08-20 17:34:46]    在线零售保存检更新出库时！错误信息：品种《小学名校名卷数学六年级上册》不允许负库存！！！
事务在触发器中结束。批处理已中止。

[2017-08-20 17:51:11]    在线零售保存检更新出库时！错误信息：品种《小学名校名卷数学五年级上册》不允许负库存！！！
事务在触发器中结束。批处理已中止。

[2017-08-20 17:51:36]    在线零售保存检更新出库时！错误信息：品种《小学名校名卷数学五年级上册》不允许负库存！！！
事务在触发器中结束。批处理已中止。

[2017-08-20 17:53:05]    在线零售保存检更新出库时！错误信息：品种《小学名校名卷数学五年级上册》不允许负库存！！！
事务在触发器中结束。批处理已中止。

[2017-08-20 17:53:46]    在线零售保存检更新出库时！错误信息：品种《小学名校名卷语文四年级上册》不允许负库存！！！
事务在触发器中结束。批处理已中止。

[2017-08-20 18:40:19]    System.Data.SqlClient.SqlException (0x80131904): 列名 'Is_zl' 无效。
   在 System.Data.SqlClient.SqlConnection.OnError(SqlException exception, Boolean breakConnection, Action`1 wrapCloseInAction)
   在 System.Data.SqlClient.TdsParser.ThrowExceptionAndWarning(TdsParserStateObject stateObj, Boolean callerHasConnectionLock, Boolean asyncClose)
   在 System.Data.SqlClient.TdsParser.TryRun(RunBehavior runBehavior, SqlCommand cmdHandler, SqlDataReader dataStream, BulkCopySimpleResultSet bulkCopyHandler, TdsParserStateObject stateObj, Boolean& dataReady)
   在 System.Data.SqlClient.SqlCommand.FinishExecuteReader(SqlDataReader ds, RunBehavior runBehavior, String resetOptionsString, Boolean isInternal, Boolean forDescribeParameterEncryption)
   在 System.Data.SqlClient.SqlCommand.RunExecuteReaderTds(CommandBehavior cmdBehavior, RunBehavior runBehavior, Boolean returnStream, Boolean async, Int32 timeout, Task& task, Boolean asyncWrite, Boolean inRetry, SqlDataReader ds, Boolean describeParameterEncryptionRequest)
   在 System.Data.SqlClient.SqlCommand.RunExecuteReader(CommandBehavior cmdBehavior, RunBehavior runBehavior, Boolean returnStream, String method, TaskCompletionSource`1 completion, Int32 timeout, Task& task, Boolean& usedCache, Boolean asyncWrite, Boolean inRetry)
   在 System.Data.SqlClient.SqlCommand.InternalExecuteNonQuery(TaskCompletionSource`1 completion, String methodName, Boolean sendToPipe, Int32 timeout, Boolean& usedCache, Boolean asyncWrite, Boolean inRetry)
   在 System.Data.SqlClient.SqlCommand.ExecuteNonQuery()
   在 Microsoft.Practices.EnterpriseLibrary.Data.Database.DoExecuteNonQuery(DbCommand command)
   在 WHC.Framework.ControlUtil.AbstractBaseDAL`1.PrivateUpdate(Object id, Hashtable recordField, String targetTable, DbTransaction trans) 位置 D:\weixingPay\POSS\POSS\Common\WHC.Framework.ControlUtil\Framework\AbstractBaseDAL.cs:行号 431
ClientConnectionId:25288996-9ccc-4323-b355-4a358c94381d
Error Number:207,State:1,Class:16

[2017-08-20 18:40:19]    列名 'Is_zl' 无效。

[2017-08-20 18:41:21]    System.Data.SqlClient.SqlException (0x80131904): 列名 'Is_zl' 无效。
   在 System.Data.SqlClient.SqlConnection.OnError(SqlException exception, Boolean breakConnection, Action`1 wrapCloseInAction)
   在 System.Data.SqlClient.TdsParser.ThrowExceptionAndWarning(TdsParserStateObject stateObj, Boolean callerHasConnectionLock, Boolean asyncClose)
   在 System.Data.SqlClient.TdsParser.TryRun(RunBehavior runBehavior, SqlCommand cmdHandler, SqlDataReader dataStream, BulkCopySimpleResultSet bulkCopyHandler, TdsParserStateObject stateObj, Boolean& dataReady)
   在 System.Data.SqlClient.SqlCommand.FinishExecuteReader(SqlDataReader ds, RunBehavior runBehavior, String resetOptionsString, Boolean isInternal, Boolean forDescribeParameterEncryption)
   在 System.Data.SqlClient.SqlCommand.RunExecuteReaderTds(CommandBehavior cmdBehavior, RunBehavior runBehavior, Boolean returnStream, Boolean async, Int32 timeout, Task& task, Boolean asyncWrite, Boolean inRetry, SqlDataReader ds, Boolean describeParameterEncryptionRequest)
   在 System.Data.SqlClient.SqlCommand.RunExecuteReader(CommandBehavior cmdBehavior, RunBehavior runBehavior, Boolean returnStream, String method, TaskCompletionSource`1 completion, Int32 timeout, Task& task, Boolean& usedCache, Boolean asyncWrite, Boolean inRetry)
   在 System.Data.SqlClient.SqlCommand.InternalExecuteNonQuery(TaskCompletionSource`1 completion, String methodName, Boolean sendToPipe, Int32 timeout, Boolean& usedCache, Boolean asyncWrite, Boolean inRetry)
   在 System.Data.SqlClient.SqlCommand.ExecuteNonQuery()
   在 Microsoft.Practices.EnterpriseLibrary.Data.Database.DoExecuteNonQuery(DbCommand command)
   在 WHC.Framework.ControlUtil.AbstractBaseDAL`1.PrivateUpdate(Object id, Hashtable recordField, String targetTable, DbTransaction trans) 位置 D:\weixingPay\POSS\POSS\Common\WHC.Framework.ControlUtil\Framework\AbstractBaseDAL.cs:行号 431
ClientConnectionId:65903d00-33a6-4c3f-b5f2-276e4c0e5cee
Error Number:207,State:1,Class:16

[2017-08-20 18:41:24]    列名 'Is_zl' 无效。

