[2017-08-22 00:11:10]    在线零售保存检更新出库时！错误信息：品种《1元特大号白书皮》不允许负库存！！！
事务在触发器中结束。批处理已中止。

[2017-08-22 00:13:02]    在线零售保存检更新出库时！错误信息：品种《小学生阅读经典波莉安娜》不允许负库存！！！
事务在触发器中结束。批处理已中止。

[2017-08-22 00:16:51]    在线零售保存检更新出库时！错误信息：品种《小学生阅读经典波莉安娜》不允许负库存！！！
事务在触发器中结束。批处理已中止。

[2017-08-22 00:20:15]    在线零售保存检更新出库时！错误信息：品种《小学生阅读经典名人名言》不允许负库存！！！
事务在触发器中结束。批处理已中止。

[2017-08-22 00:25:53]    在线零售保存检更新出库时！错误信息：品种《小学生阅读经典名人名言》不允许负库存！！！
事务在触发器中结束。批处理已中止。

[2017-08-22 00:30:47]    在线零售保存检更新出库时！错误信息：品种《小学生阅读经典西游记》不允许负库存！！！
事务在触发器中结束。批处理已中止。

[2017-08-22 00:33:47]    在线零售保存检更新出库时！错误信息：品种《小学生阅读经典三十六计》不允许负库存！！！
事务在触发器中结束。批处理已中止。

[2017-08-22 00:37:27]    在线零售保存检更新出库时！错误信息：品种《小学生阅读经典孙子兵法》不允许负库存！！！
事务在触发器中结束。批处理已中止。

[2017-08-22 00:47:23]    在线零售保存检更新出库时！错误信息：品种《1元特大号白书皮》不允许负库存！！！
事务在触发器中结束。批处理已中止。

[2017-08-22 00:48:05]    在线零售保存检更新出库时！错误信息：品种《精选故事会2A》不允许负库存！！！
事务在触发器中结束。批处理已中止。

[2017-08-22 00:50:37]    在线零售保存检更新出库时！错误信息：品种《曹文轩纯美小说  红瓦黑瓦》不允许负库存！！！
事务在触发器中结束。批处理已中止。

[2017-08-22 00:56:01]    在线零售保存检更新出库时！错误信息：品种《曹文轩纯美小说  红瓦黑瓦》不允许负库存！！！
事务在触发器中结束。批处理已中止。

[2017-08-22 00:58:41]    在线零售保存检更新出库时！错误信息：品种《大头英语系列小学英语词汇一本通》不允许负库存！！！
事务在触发器中结束。批处理已中止。

[2017-08-22 01:01:32]    在线零售保存检更新出库时！错误信息：品种《大头英语系列小学英语阅读提分训练六年级》不允许负库存！！！
事务在触发器中结束。批处理已中止。

[2017-08-22 01:06:50]    在线零售保存检更新出库时！错误信息：品种《大头英语系列小学英语趣味阅读与诵读六年级》不允许负库存！！！
事务在触发器中结束。批处理已中止。

[2017-08-22 01:12:30]    在线零售保存检更新出库时！错误信息：品种《曹文轩纯美小说  红瓦黑瓦》不允许负库存！！！
事务在触发器中结束。批处理已中止。

[2017-08-22 01:15:25]    在线零售保存检更新出库时！错误信息：品种《精选故事会2A》不允许负库存！！！
事务在触发器中结束。批处理已中止。

[2017-08-22 01:16:04]    在线零售保存检更新出库时！错误信息：品种《小学名校名卷小学总复习语文》不允许负库存！！！
事务在触发器中结束。批处理已中止。

[2017-08-22 01:16:59]    在线零售保存检更新出库时！错误信息：品种《星火英语巅峰训练阅读理解120篇高一》不允许负库存！！！
事务在触发器中结束。批处理已中止。

[2017-08-22 01:18:57]    在线零售保存检更新出库时！错误信息：品种《金题金卷中考重点校2012版模拟测试卷语文》不允许负库存！！！
事务在触发器中结束。批处理已中止。

[2017-08-22 01:20:29]    在线零售保存检更新出库时！错误信息：品种《金题金卷中考重点校2012版模拟测试卷语文》不允许负库存！！！
事务在触发器中结束。批处理已中止。

[2017-08-22 01:22:41]    在线零售保存检更新出库时！错误信息：品种《星火英语巅峰训练阅读理解120篇高一》不允许负库存！！！
事务在触发器中结束。批处理已中止。

[2017-08-22 01:27:23]    在线零售保存检更新出库时！错误信息：品种《星火英语巅峰训练阅读理解120篇高一》不允许负库存！！！
事务在触发器中结束。批处理已中止。

[2017-08-22 01:29:26]    在线零售保存检更新出库时！错误信息：品种《星火英语巅峰训练阅读理解120篇高一》不允许负库存！！！
事务在触发器中结束。批处理已中止。

[2017-08-22 01:36:03]    在线零售保存检更新出库时！错误信息：品种《小学生阅读经典小王子》不允许负库存！！！
事务在触发器中结束。批处理已中止。

[2017-08-22 01:37:38]    在线零售保存检更新出库时！错误信息：品种《小学语文暑假天天练3升4年级》不允许负库存！！！
事务在触发器中结束。批处理已中止。

[2017-08-22 01:42:05]    在线零售保存检更新出库时！错误信息：品种《小学语文暑假天天练5升6年级》不允许负库存！！！
事务在触发器中结束。批处理已中止。

[2017-08-22 01:44:52]    在线零售保存检更新出库时！错误信息：品种《曹文轩纯美小说  红瓦黑瓦》不允许负库存！！！
事务在触发器中结束。批处理已中止。

[2017-08-22 01:46:14]    在线零售保存检更新出库时！错误信息：品种《宝贝龙12色8102》不允许负库存！！！
事务在触发器中结束。批处理已中止。

[2017-08-22 14:02:35]    在线零售保存检更新出库时！错误信息：品种《小学生阅读经典金银岛》不允许负库存！！！
事务在触发器中结束。批处理已中止。

[2017-08-22 14:06:46]    在线零售保存检更新出库时！错误信息：品种《大头英语系列小学英语词汇一本通》不允许负库存！！！
事务在触发器中结束。批处理已中止。

[2017-08-22 14:17:25]    在线零售保存检更新出库时！错误信息：品种《恒博12纸靶》不允许负库存！！！
事务在触发器中结束。批处理已中止。

[2017-08-22 15:31:24]    在线零售保存检更新出库时！错误信息：品种《小学生阅读经典列那狐的故事》不允许负库存！！！
事务在触发器中结束。批处理已中止。

[2017-08-22 15:34:03]    在线零售保存检更新出库时！错误信息：品种《小学生阅读经典名人名言》不允许负库存！！！
事务在触发器中结束。批处理已中止。

[2017-08-22 15:42:05]    在线零售保存检更新出库时！错误信息：品种《小学生阅读经典水浒传》不允许负库存！！！
事务在触发器中结束。批处理已中止。

[2017-08-22 15:51:02]    在线零售保存检更新出库时！错误信息：品种《小学生阅读经典小故事大道理》不允许负库存！！！
事务在触发器中结束。批处理已中止。

[2017-08-22 15:57:00]    在线零售保存检更新出库时！错误信息：品种《小学生阅读经典列那狐的故事》不允许负库存！！！
事务在触发器中结束。批处理已中止。

[2017-08-22 16:11:16]    在线零售保存检更新出库时！错误信息：品种《精选故事会2A》不允许负库存！！！
事务在触发器中结束。批处理已中止。

[2017-08-22 16:19:09]    在线零售保存检更新出库时！错误信息：品种《精选故事会2A》不允许负库存！！！
事务在触发器中结束。批处理已中止。

[2017-08-22 18:16:25]    在线零售保存检更新出库时！错误信息：品种《曹文轩纯美小说  红瓦黑瓦》不允许负库存！！！
事务在触发器中结束。批处理已中止。

[2017-08-22 19:56:21]    在线零售保存检更新出库时！错误信息：品种《小学生阅读经典列那狐的故事》不允许负库存！！！
事务在触发器中结束。批处理已中止。

[2017-08-22 19:58:51]    在线零售保存检更新出库时！错误信息：品种《精选故事会2B》不允许负库存！！！
事务在触发器中结束。批处理已中止。

[2017-08-22 20:32:44]    在线零售保存检更新出库时！错误信息：品种《小学生阅读经典波莉安娜》不允许负库存！！！
事务在触发器中结束。批处理已中止。

[2017-08-22 22:51:41]    在线零售保存检更新出库时！错误信息：品种《小学语文暑假天天练4升5年级》不允许负库存！！！
事务在触发器中结束。批处理已中止。

[2017-08-22 22:59:22]    在线零售保存检更新出库时！错误信息：品种《小学生阅读经典金银岛》不允许负库存！！！
事务在触发器中结束。批处理已中止。

