[2017-08-21 15:29:56]    在线零售保存检更新出库时！错误信息：不能将值 NULL 插入列 's_id'，表 'wybook.dbo.db_stocks_amount'；列不允许有 Null 值。INSERT 失败。
语句已终止。

[2017-08-21 15:33:42]    在线零售保存检更新出库时！错误信息：不能将值 NULL 插入列 's_id'，表 'wybook.dbo.db_stocks_amount'；列不允许有 Null 值。INSERT 失败。
语句已终止。

[2017-08-21 15:37:24]    在线零售保存失败！错误信息：违反了 PRIMARY KEY 约束 'pk_db_ls_item'。不能在对象 'dbo.db_ls_item' 中插入重复键。
语句已终止。

[2017-08-21 15:46:56]    在线零售保存检更新出库时！错误信息：品种《1元特大号白书皮》不允许负库存！！！
事务在触发器中结束。批处理已中止。

[2017-08-21 15:48:01]    在线零售保存检更新出库时！错误信息：品种《精选故事会2A》不允许负库存！！！
事务在触发器中结束。批处理已中止。

[2017-08-21 15:56:19]    在线零售保存检更新出库时！错误信息：品种《小学生阅读经典波莉安娜》不允许负库存！！！
事务在触发器中结束。批处理已中止。

[2017-08-21 16:15:30]    在线零售保存检更新出库时！错误信息：品种《小学生阅读经典唐诗三百首》不允许负库存！！！
事务在触发器中结束。批处理已中止。

[2017-08-21 16:19:00]    在线零售保存检更新出库时！错误信息：品种《大头英语系列小学英语趣味阅读与诵读三年级》不允许负库存！！！
事务在触发器中结束。批处理已中止。

[2017-08-21 16:22:01]    在线零售保存检更新出库时！错误信息：品种《小学语文暑假天天练1升2年级》不允许负库存！！！
事务在触发器中结束。批处理已中止。

[2017-08-21 16:26:12]    在线零售保存检更新出库时！错误信息：品种《15春倍速学习法：高中化学必修2》不允许负库存！！！
事务在触发器中结束。批处理已中止。

[2017-08-21 16:29:08]    在线零售保存检更新出库时！错误信息：品种《14全国著名重点中学领航高考冲刺试卷：理综》不允许负库存！！！
事务在触发器中结束。批处理已中止。

[2017-08-21 17:17:22]    在线零售保存检更新出库时！错误信息：品种《小学语文暑假天天练5升6年级》不允许负库存！！！
事务在触发器中结束。批处理已中止。

[2017-08-21 17:20:15]    在线零售保存检更新出库时！错误信息：品种《大头英语系列小学英语阅读提分训练三年级》不允许负库存！！！
事务在触发器中结束。批处理已中止。

[2017-08-21 17:28:40]    在线零售保存检更新出库时！错误信息：品种《小学语文暑假天天练4升5年级》不允许负库存！！！
事务在触发器中结束。批处理已中止。

[2017-08-21 17:30:55]    在线零售保存检更新出库时！错误信息：品种《小学生阅读经典列那狐的故事》不允许负库存！！！
事务在触发器中结束。批处理已中止。

[2017-08-21 17:36:19]    在线零售保存检更新出库时！错误信息：品种《小学语文暑假天天练4升5年级》不允许负库存！！！
事务在触发器中结束。批处理已中止。

[2017-08-21 17:40:35]    在线零售保存检更新出库时！错误信息：品种《1元特大号白书皮》不允许负库存！！！
事务在触发器中结束。批处理已中止。

[2017-08-21 18:04:21]    在线零售保存检更新出库时！错误信息：品种《小学生阅读经典水孩子》不允许负库存！！！
事务在触发器中结束。批处理已中止。

[2017-08-21 18:43:29]    在线零售保存检更新出库时！错误信息：品种《精选故事会2B》不允许负库存！！！
事务在触发器中结束。批处理已中止。

[2017-08-21 18:45:12]    在线零售保存检更新出库时！错误信息：品种《精选故事会2B》不允许负库存！！！
事务在触发器中结束。批处理已中止。

[2017-08-21 18:46:52]    在线零售保存检更新出库时！错误信息：品种《精选故事会2B》不允许负库存！！！
事务在触发器中结束。批处理已中止。

[2017-08-21 21:34:35]    在线零售保存检更新出库时！错误信息：品种《精选故事会2A》不允许负库存！！！
事务在触发器中结束。批处理已中止。

[2017-08-21 21:35:29]    在线零售保存检更新出库时！错误信息：品种《精选故事会2B》不允许负库存！！！
事务在触发器中结束。批处理已中止。

[2017-08-21 21:38:35]    在线零售保存检更新出库时！错误信息：品种《精选故事会2A》不允许负库存！！！
事务在触发器中结束。批处理已中止。

[2017-08-21 21:40:47]    在线零售保存检更新出库时！错误信息：品种《1元特大号白书皮》不允许负库存！！！
事务在触发器中结束。批处理已中止。

[2017-08-21 21:42:30]    在线零售保存检更新出库时！错误信息：品种《1元特大号白书皮》不允许负库存！！！
事务在触发器中结束。批处理已中止。

[2017-08-21 21:45:56]    在线零售保存检更新出库时！错误信息：品种《小学名校名卷数学四年级上册》不允许负库存！！！
事务在触发器中结束。批处理已中止。

[2017-08-21 21:49:21]    在线零售保存检更新出库时！错误信息：品种《小学生阅读经典小王子》不允许负库存！！！
事务在触发器中结束。批处理已中止。

[2017-08-21 21:51:24]    在线零售保存检更新出库时！错误信息：品种《1元特大号白书皮》不允许负库存！！！
事务在触发器中结束。批处理已中止。

[2017-08-21 21:55:57]    在线零售保存检更新出库时！错误信息：品种《小学生阅读经典金银岛》不允许负库存！！！
事务在触发器中结束。批处理已中止。

[2017-08-21 22:14:26]    在线零售保存检更新出库时！错误信息：品种《曹文轩纯美小说  红瓦黑瓦》不允许负库存！！！
事务在触发器中结束。批处理已中止。

[2017-08-21 22:43:13]    在线零售保存检更新出库时！错误信息：品种《真彩612》不允许负库存！！！
事务在触发器中结束。批处理已中止。

[2017-08-21 23:24:23]    在线零售保存检更新出库时！错误信息：品种《精选故事会2A》不允许负库存！！！
事务在触发器中结束。批处理已中止。

[2017-08-21 23:28:46]    在线零售保存检更新出库时！错误信息：品种《精选故事会2A》不允许负库存！！！
事务在触发器中结束。批处理已中止。

[2017-08-21 23:30:39]    在线零售保存检更新出库时！错误信息：品种《1元特大号白书皮》不允许负库存！！！
事务在触发器中结束。批处理已中止。

[2017-08-21 23:35:56]    在线零售保存检更新出库时！错误信息：品种《小学生阅读经典西游记》不允许负库存！！！
事务在触发器中结束。批处理已中止。

