[2017-08-29 21:49:05]    在线零售保存检更新出库时！错误信息：品种《精选故事会2B》不允许负库存！！！
事务在触发器中结束。批处理已中止。

[2017-08-29 21:58:42]    在线零售保存检更新出库时！错误信息：品种《精选故事会2B》不允许负库存！！！
事务在触发器中结束。批处理已中止。

[2017-08-29 22:11:02]    在线零售保存检更新出库时！错误信息：品种《精选故事会2A》不允许负库存！！！
事务在触发器中结束。批处理已中止。

[2017-08-29 22:12:29]    在线零售保存检更新出库时！错误信息：品种《精选故事会2A》不允许负库存！！！
事务在触发器中结束。批处理已中止。

[2017-08-29 22:16:38]    在线零售保存检更新出库时！错误信息：品种《精选故事会2B》不允许负库存！！！
事务在触发器中结束。批处理已中止。

[2017-08-29 22:23:50]    在线零售保存检更新出库时！错误信息：品种《精选故事会2B》不允许负库存！！！
事务在触发器中结束。批处理已中止。

[2017-08-29 22:25:43]    在线零售保存检更新出库时！错误信息：品种《天利38套2012全国各省市高考模拟试题汇编38+10数学（理科）》不允许负库存！！！
事务在触发器中结束。批处理已中止。

[2017-08-29 22:26:56]    在线零售保存检更新出库时！错误信息：品种《天利38套2012全国各省市高考模拟试题汇编38+10数学（理科）》不允许负库存！！！
事务在触发器中结束。批处理已中止。

[2017-08-29 22:29:44]    在线零售保存检更新出库时！错误信息：品种《天利38套2012全国各省市高考模拟试题汇编38+10化学》不允许负库存！！！
事务在触发器中结束。批处理已中止。

[2017-08-29 22:32:32]    在线零售保存检更新出库时！错误信息：品种《2012绿卡新课标基础知识数理化公式定律速记手册高中3全国版》不允许负库存！！！
事务在触发器中结束。批处理已中止。

[2017-08-29 22:33:33]    在线零售保存检更新出库时！错误信息：品种《精选故事会2B》不允许负库存！！！
事务在触发器中结束。批处理已中止。

[2017-08-29 22:34:13]    在线零售保存检更新出库时！错误信息：品种《天利38套2012全国各省市高考模拟试题汇编38+10数学（理科）》不允许负库存！！！
事务在触发器中结束。批处理已中止。

[2017-08-29 22:35:16]    在线零售保存检更新出库时！错误信息：品种《天利38套2012全国各省市高考模拟试题汇编38+10数学（理科）》不允许负库存！！！
事务在触发器中结束。批处理已中止。

[2017-08-29 22:36:23]    在线零售保存检更新出库时！错误信息：品种《天利38套2012全国各省市高考模拟试题汇编38+10数学（文科）》不允许负库存！！！
事务在触发器中结束。批处理已中止。

[2017-08-29 22:37:35]    在线零售保存检更新出库时！错误信息：品种《星火英语巅峰训练阅读理解120篇高二》不允许负库存！！！
事务在触发器中结束。批处理已中止。

