[2017-08-30 09:56:14]    在线零售保存检更新出库时！错误信息：品种《金题金卷丛书小升初重点校2012版入学测试卷语文》不允许负库存！！！
事务在触发器中结束。批处理已中止。

[2017-08-30 09:58:47]    在线零售保存检更新出库时！错误信息：品种《8306自动铅芯（0.5）》不允许负库存！！！
事务在触发器中结束。批处理已中止。

[2017-08-30 10:07:14]    在线零售保存检更新出库时！错误信息：品种《冠军111羽毛球》不允许负库存！！！
事务在触发器中结束。批处理已中止。

[2017-08-30 10:09:17]    在线零售保存检更新出库时！错误信息：品种《精选故事会2B》不允许负库存！！！
事务在触发器中结束。批处理已中止。

[2017-08-30 10:17:15]    在线零售保存检更新出库时！错误信息：品种《天利38套2012全国各省市高考模拟试题汇编38+10生物》不允许负库存！！！
事务在触发器中结束。批处理已中止。

[2017-08-30 10:18:08]    在线零售保存检更新出库时！错误信息：品种《星火英语巅峰训练完形填空120篇八年级》不允许负库存！！！
事务在触发器中结束。批处理已中止。

[2017-08-30 14:15:41]    在线零售保存检更新出库时！错误信息：品种《初中毕业班热点测试2012版金卷化学》不允许负库存！！！
事务在触发器中结束。批处理已中止。

[2017-08-30 14:15:57]    在线零售保存检更新出库时！错误信息：品种《初生婴儿视觉激发卡黑白卡0~12个月》不允许负库存！！！
事务在触发器中结束。批处理已中止。

[2017-08-30 14:21:09]    在线零售保存检更新出库时！错误信息：品种《8306自动铅芯（0.5）》不允许负库存！！！
事务在触发器中结束。批处理已中止。

[2017-08-30 14:22:28]    在线零售保存检更新出库时！错误信息：品种《8306自动铅芯（0.5）》不允许负库存！！！
事务在触发器中结束。批处理已中止。

[2017-08-30 14:33:03]    在线零售保存检更新出库时！错误信息：品种《初中毕业班热点测试2012版金卷数学》不允许负库存！！！
事务在触发器中结束。批处理已中止。

[2017-08-30 14:33:36]    在线零售保存检更新出库时！错误信息：品种《初中毕业班热点测试2012版金卷数学》不允许负库存！！！
事务在触发器中结束。批处理已中止。

[2017-08-30 14:34:07]    在线零售保存检更新出库时！错误信息：品种《金题金卷中考重点校2012版模拟测试卷语文》不允许负库存！！！
事务在触发器中结束。批处理已中止。

